
Copyright (C) 1994-2023 Synopsys, Inc.
This Synopsys software and all associated documentation are proprietary to Synopsys, Inc.
and may only be used pursuant to the terms and conditions of a written license agreement
with Synopsys, Inc. All other use, reproduction, modification, or distribution of the
Synopsys software or the associated documentation is strictly prohibited.
Tool: Synplify Pro (R)
Build: V-2023.09M
Install: C:\Users\Sebastian\Microchip\Libero\SynplifyPro
OS: Windows 10 or later
Hostname: LAPTOPSEBASTIAN

Implementation : synthesis

# Written on Wed Nov 27 11:42:32 2024

##### FILES SYNTAX CHECKED ##############################################
Constraint File(s):      "C:\Users\Sebastian\DigitaleSysteme\FPGA\Aufgabe1\designer\aufgabe1\synthesis.fdc"

#Run constraint checker to find more issues with constraints.
#########################################################################



No issues found in constraint syntax.



Clock Summary
*************

          Start            Requested     Requested     Clock        Clock          Clock
Level     Clock            Frequency     Period        Type         Group          Load 
----------------------------------------------------------------------------------------
0 -       aufgabe1|clk     100.0 MHz     10.000        inferred     (multiple)     17   
========================================================================================


Clock Load Summary
******************

                 Clock     Source        Clock Pin          Non-clock Pin     Non-clock Pin
Clock            Load      Pin           Seq Example        Seq Example       Comb Example 
-------------------------------------------------------------------------------------------
aufgabe1|clk     17        clk(port)     u1.mod14_ena.C     -                 -            
===========================================================================================
