{
"Synplify Pro (R) Job Log" : {
	"Date" : "11:42:38    27-Nov-2024",
	"Working Directory" : "C:/Users/Sebastian/DigitaleSysteme/FPGA/Aufgabe1/synthesis",
	"Install" : "C:/Users/Sebastian/Microchip/Libero/SynplifyPro"
},
"synthesis" :{
   "Job Flow" : "Sequential",
   "Start Time" : "11:42:29",
   "Runtime" : "09s",
   "Executable Run Time" : "08s",
   "synthesis" : {
      "Job Flow" : "Sequential",
      "Start Time" : "11:42:29",
      "Runtime" : "09s",
      "Executable Run Time" : "08s",
      "compile" : {
         "Job Flow" : "Sequential",
         "Start Time" : "11:42:29",
         "Runtime" : "05s",
         "Executable Run Time" : "04s",
         "compile_flow" : {
            "Job Flow" : "Sequential",
            "Start Time" : "11:42:29",
            "Runtime" : "03s",
            "Executable Run Time" : "02s",
            "compiler" : {
               "executable" : "bin64/c_hdl.exe",
               "Run Directory" : "C:/Users/Sebastian/DigitaleSysteme/FPGA/Aufgabe1/synthesis",
               "Run State" : "Complete",
               "Return Code" : "0",
               "Has Errors" : "no",
               "Run Start Time" : "11:42:29",
               "Run Time" : "02s",
               "Exe Run Time" : "01s",
               "Memory Usage" : "-",
               "Up-to-date (run skipped)" : "no"
            },
            "multi_srs_gen" : {
               "executable" : "bin64/syn_nfilter.exe",
               "Run Directory" : "C:/Users/Sebastian/DigitaleSysteme/FPGA/Aufgabe1/synthesis",
               "Run State" : "Complete",
               "Return Code" : "0",
               "Has Errors" : "no",
               "Run Start Time" : "11:42:31",
               "Run Time" : "01s",
               "Exe Run Time" : "01s",
               "Memory Usage" : "-",
               "Up-to-date (run skipped)" : "no"
            }
         },
         "premap" : {
            "executable" : "bin64/m_generic.exe",
            "Run Directory" : "C:/Users/Sebastian/DigitaleSysteme/FPGA/Aufgabe1/synthesis",
            "Run State" : "Complete",
            "Return Code" : "1",
            "Has Errors" : "no",
            "Run Start Time" : "11:42:32",
            "Run Time" : "02s",
            "Exe Run Time" : "02s",
            "Memory Usage" : "-",
            "Up-to-date (run skipped)" : "no"
         }
      },
      "map" : {
         "Job Flow" : "Sequential",
         "Start Time" : "11:42:34",
         "Runtime" : "04s",
         "Executable Run Time" : "04s",
         "fpga_mapper" : {
            "executable" : "bin64/m_generic.exe",
            "Run Directory" : "C:/Users/Sebastian/DigitaleSysteme/FPGA/Aufgabe1/synthesis",
            "Run State" : "Complete",
            "Return Code" : "1",
            "Has Errors" : "no",
            "Run Start Time" : "11:42:34",
            "Run Time" : "04s",
            "Exe Run Time" : "04s",
            "Memory Usage" : "-",
            "Up-to-date (run skipped)" : "no"
         }
      }
   }
}
}