Resource Report
Microchip Technology Inc. - Microchip Libero Software Release v2024.1 (Version 2024.1.0.3)
Date: Wed Nov 27 11:42:44 2024

Device Selection
+--------------------------------+----------------+
| Family                         | SmartFusion2   |
| Device                         | M2S005         |
| Package                        | 144 TQ         |
| Speed Grade                    | STD            |
| Temp                           | 0:25:85        |
| Voltage                        | 1.26:1.20:1.14 |
| Core Voltage                   | 1.2V           |
| Ramp Rate                      | 10ms Minimum   |
| System Controller Suspend Mode | No             |
| PLL Supply Voltage             | 2.5V           |
| Default I/O technology         | LVCMOS 3.3V    |
| Restrict Probe Pins            | Yes            |
| Restrict SPI Pins              | No             |
+--------------------------------+----------------+

Source Files
+---------+------------------------------------------------------------------------+
| Topcell | aufgabe1                                                               |
| Format  | Verilog                                                                |
| Source  | C:\Users\Sebastian\DigitaleSysteme\FPGA\Aufgabe1\synthesis\aufgabe1.vm |
+---------+------------------------------------------------------------------------+

Options
+----------------------------------------------------+-------+
| Enable Single Event Transient mitigation           | false |
| Enable Design Separation Methodology               | false |
| Limit the number of high fanout nets to display to | 10    |
+----------------------------------------------------+-------+

Resource Usage
+---------------------------+------+-------+------------+
| Type                      | Used | Total | Percentage |
+---------------------------+------+-------+------------+
| 4LUT                      | 39   | 6060  | 0.64       |
| DFF                       | 17   | 6060  | 0.28       |
| I/O Register              | 0    | 252   | 0.00       |
| User I/O                  | 26   | 84    | 30.95      |
| -- Single-ended I/O       | 26   | 84    | 30.95      |
| -- Differential I/O Pairs | 0    | 38    | 0.00       |
| RAM64x18                  | 0    | 11    | 0.00       |
| RAM1K18                   | 0    | 10    | 0.00       |
| MACC                      | 0    | 11    | 0.00       |
| Chip Globals              | 2    | 8     | 25.00      |
| CCC                       | 0    | 2     | 0.00       |
| RCOSC_25_50MHZ            | 0    | 1     | 0.00       |
| RCOSC_1MHZ                | 0    | 1     | 0.00       |
| XTLOSC                    | 0    | 1     | 0.00       |
| MSS                       | 0    | 1     | 0.00       |
+---------------------------+------+-------+------------+

Detailed Logic Resource Usage
+--------------------------+------+-----+
| Type                     | 4LUT | DFF |
+--------------------------+------+-----+
| Fabric Logic             | 39   | 17  |
| RAM64x18 Interface Logic | 0    | 0   |
| RAM1K18 Interface Logic  | 0    | 0   |
| MACC Interface Logic     | 0    | 0   |
| Total Used               | 39   | 17  |
+--------------------------+------+-----+

Detailed Carry Chains Resource Usage
+--------+------+
| Length | Used |
| 14     | 1    |
| Total  | 1    |
+--------+------+

I/O Function
+-------------------------------+--------------+-------------+-----------------+
| Type                          | w/o register | w/ register | w/ DDR register |
+-------------------------------+--------------+-------------+-----------------+
| Input I/O                     | 14           | 0           | 0               |
| Output I/O                    | 12           | 0           | 0               |
| Bidirectional I/O             | 0            | 0           | 0               |
| Differential Input I/O Pairs  | 0            | 0           | 0               |
| Differential Output I/O Pairs | 0            | 0           | 0               |
+-------------------------------+--------------+-------------+-----------------+

I/O Technology
+--------------+--------+------+-------+--------+---------------+
| I/O Standard | Vddi   | Vref | Input | Output | Bidirectional |
+--------------+--------+------+-------+--------+---------------+
| LVCMOS33     |  3.30v |  N/A |  14   |  12    |  0            |
+--------------+--------+------+-------+--------+---------------+

Nets assigned to chip global resources
+--------+---------+-----------------------------------+
| Fanout | Type    | Name                              |
+--------+---------+-----------------------------------+
| 17     | INT_NET | Net   : clk_c                     |
|        |         | Driver: clk_ibuf_RNIVTI21/U0_RGB1 |
|        |         | Source: NETLIST                   |
| 17     | INT_NET | Net   : rst_arst                  |
|        |         | Driver: rst_ibuf_RNIUUM54/U0_RGB1 |
|        |         | Source: NETLIST                   |
+--------+---------+-----------------------------------+

Nets assigned to row global resources
+--------+------+------+
| Fanout | Type | Name |
+--------+------+------+
+--------+------+------+

High fanout nets
+--------+---------+---------------------------+
| Fanout | Type    | Name                      |
+--------+---------+---------------------------+
| 11     | INT_NET | Net   : u1/mod4_cnt_Z[1]  |
|        |         | Driver: u1/mod4_cnt[1]    |
| 7      | INT_NET | Net   : u1/mod4_cnt_Z[0]  |
|        |         | Driver: u1/mod4_cnt[0]    |
| 7      | INT_NET | Net   : u1/mux_out[3]     |
|        |         | Driver: u1/mux_out_1[3]   |
| 7      | INT_NET | Net   : u1/mux_out[2]     |
|        |         | Driver: u1/mux_out_1[2]   |
| 7      | INT_NET | Net   : u1/mux_out[1]     |
|        |         | Driver: u1/mux_out_1[1]   |
| 7      | INT_NET | Net   : u1/mux_out[0]     |
|        |         | Driver: u1/mux_out_1[0]   |
| 5      | INT_NET | Net   : rst_c             |
|        |         | Driver: rst_ibuf          |
| 3      | INT_NET | Net   : u1/freq_cnt_Z[13] |
|        |         | Driver: u1/freq_cnt[13]   |
| 2      | INT_NET | Net   : u1/freq_cnt_Z[12] |
|        |         | Driver: u1/freq_cnt[12]   |
| 2      | INT_NET | Net   : u1/freq_cnt_Z[11] |
|        |         | Driver: u1/freq_cnt[11]   |
+--------+---------+---------------------------+

High fanout nets (through buffer trees)
+--------+---------+---------------------------+
| Fanout | Type    | Name                      |
+--------+---------+---------------------------+
| 11     | INT_NET | Net   : u1/mod4_cnt_Z[1]  |
|        |         | Driver: u1/mod4_cnt[1]    |
| 7      | INT_NET | Net   : u1/mod4_cnt_Z[0]  |
|        |         | Driver: u1/mod4_cnt[0]    |
| 7      | INT_NET | Net   : u1/mux_out[3]     |
|        |         | Driver: u1/mux_out_1[3]   |
| 7      | INT_NET | Net   : u1/mux_out[2]     |
|        |         | Driver: u1/mux_out_1[2]   |
| 7      | INT_NET | Net   : u1/mux_out[1]     |
|        |         | Driver: u1/mux_out_1[1]   |
| 7      | INT_NET | Net   : u1/mux_out[0]     |
|        |         | Driver: u1/mux_out_1[0]   |
| 5      | INT_NET | Net   : rst_c             |
|        |         | Driver: rst_ibuf          |
| 3      | INT_NET | Net   : u1/freq_cnt_Z[13] |
|        |         | Driver: u1/freq_cnt[13]   |
| 2      | INT_NET | Net   : u1/freq_cnt_Z[12] |
|        |         | Driver: u1/freq_cnt[12]   |
| 2      | INT_NET | Net   : u1/freq_cnt_Z[11] |
|        |         | Driver: u1/freq_cnt[11]   |
+--------+---------+---------------------------+

