
Copyright (C) 1994-2023 Synopsys, Inc.
This Synopsys software and all associated documentation are proprietary to Synopsys, Inc.
and may only be used pursuant to the terms and conditions of a written license agreement
with Synopsys, Inc. All other use, reproduction, modification, or distribution of the
Synopsys software or the associated documentation is strictly prohibited.
Tool: Synplify Pro (R)
Build: V-2023.09M
Install: C:\Users\Sebastian\Microchip\Libero\SynplifyPro
OS: Windows 10 or later
Hostname: LAPTOPSEBASTIAN

Implementation : synthesis
Synopsys HDL compiler and linker, Version comp202309synp1, Build 146R, Built Jan  4 2024 08:15:03, @

Modified Files: 12
FID:  path (prevtimestamp, timestamp)
0        C:\Users\Sebastian\DigitaleSysteme\FPGA\src\aufgabe1.vhd (N/A, 2024-11-27 10:52:08)
1        C:\Users\Sebastian\DigitaleSysteme\FPGA\src\hex4x7seg.vhd (N/A, 2024-11-27 11:41:47)
2        C:\Users\Sebastian\Microchip\Libero\SynplifyPro\lib\vhd2008\arith.vhd (N/A, 2024-01-04 17:04:42)
3        C:\Users\Sebastian\Microchip\Libero\SynplifyPro\lib\vhd2008\location.map (N/A, 2024-01-04 17:04:42)
4        C:\Users\Sebastian\Microchip\Libero\SynplifyPro\lib\vhd2008\numeric.vhd (N/A, 2024-01-04 17:28:28)
5        C:\Users\Sebastian\Microchip\Libero\SynplifyPro\lib\vhd2008\std.vhd (N/A, 2024-01-04 17:04:42)
6        C:\Users\Sebastian\Microchip\Libero\SynplifyPro\lib\vhd2008\std1164.vhd (N/A, 2024-01-04 17:04:42)
7        C:\Users\Sebastian\Microchip\Libero\SynplifyPro\lib\vhd2008\std_textio.vhd (N/A, 2024-01-04 17:04:42)
8        C:\Users\Sebastian\Microchip\Libero\SynplifyPro\lib\vhd2008\unsigned.vhd (N/A, 2024-01-04 17:04:42)
9        C:\Users\Sebastian\Microchip\Libero\SynplifyPro\lib\vhd\hyperents.vhd (N/A, 2024-01-04 17:04:42)
10       C:\Users\Sebastian\Microchip\Libero\SynplifyPro\lib\vhd\snps_haps_pkg.vhd (N/A, 2024-01-04 17:04:42)
11       C:\Users\Sebastian\Microchip\Libero\SynplifyPro\lib\vhd\umr_capim.vhd (N/A, 2024-01-04 17:04:42)

*******************************************************************
Modules that may have changed as a result of file changes: 2
MID:  lib.cell.view
0        work.aufgabe1.struktur may have changed because the following files changed:
                        C:\Users\Sebastian\DigitaleSysteme\FPGA\src\aufgabe1.vhd (N/A, 2024-11-27 10:52:08) <-- (architecture and entity definition)
2        work.hex4x7seg.struktur may have changed because the following files changed:
                        C:\Users\Sebastian\DigitaleSysteme\FPGA\src\aufgabe1.vhd (N/A, 2024-11-27 10:52:08) <-- (may instantiate this module)
                        C:\Users\Sebastian\DigitaleSysteme\FPGA\src\hex4x7seg.vhd (N/A, 2024-11-27 11:41:47) <-- (architecture and entity definition)

*******************************************************************
Unmodified files: 0
FID:  path (timestamp)

*******************************************************************
Unchanged modules: 0
MID:  lib.cell.view
